C51 COMPILER V9.56.0.0   LED                                                               07/19/2019 16:56:39 PAGE 1   


C51 COMPILER V9.56.0.0, COMPILATION OF MODULE LED
OBJECT MODULE PLACED IN .\Objects\LED.obj
COMPILER INVOKED BY: D:\software\Keil_v5\C51\BIN\C51.EXE LED.c OPTIMIZE(8,SPEED) BROWSE DEBUG OBJECTEXTEND PRINT(.\Listi
                    -ngs\LED.lst) TABS(2) OBJECT(.\Objects\LED.obj)

line level    source

   1          #include <reg52.h>
   2          #include <intrins.h>
   3          #define led P0
   4          sfr AUXR = 0x8E;
   5          sbit Btn=P2^0;
   6          sbit LED=P2^1;
   7          sbit butten=P3^2;
   8          unsigned long ms=0;
   9          unsigned long pre_ms=0;
  10          char Flag_Btn=0;
  11          unsigned int i;
  12          void delay(int i);
  13          void main()
  14          { 
  15   1          IT0=1;
  16   1          EA=1;
  17   1          EX0=1;
  18   1          while(1)
  19   1          {
  20   2              led=0x80;       //  10000000
  21   2              for(i=0;i<7;i++)
  22   2              {
  23   3                led=_crol_(led,1);
  24   3                delay(10000);
  25   3              }
  26   2          }
  27   1                while(1)
  28   1                {
  29   2                  if(Flag_Btn==0)
  30   2                  {
  31   3                    delay(1000);
  32   3                    if(Flag_Btn==0) 
  33   3                    {
  34   4                        LED=!LED;
  35   4                    } 
  36   3                  }
  37   2                } 
  38   1      } 
  39          void serial() interrupt 0
  40          {
  41   1            if(butten==0)
  42   1            { 
  43   2                  delay(1000);
  44   2                  if(butten==0)
  45   2                  {
  46   3                      for(i=0;i<7;i++)
  47   3                      {
  48   4                            led=_cror_(led,1);
  49   4                            delay(1000);
  50   4                      }
  51   3                  }
  52   2            }
  53   1                  
  54   1      }
C51 COMPILER V9.56.0.0   LED                                                               07/19/2019 16:56:39 PAGE 2   

  55                
  56                
  57          void delay(int i)
  58          {
  59   1        int x,y;
  60   1        for(x=i;x>0;x--)
  61   1          for(y=110;y>0;y--);
  62   1      }


MODULE INFORMATION:   STATIC OVERLAYABLE
   CODE SIZE        =    197    ----
   CONSTANT SIZE    =   ----    ----
   XDATA SIZE       =   ----    ----
   PDATA SIZE       =   ----    ----
   DATA SIZE        =     11    ----
   IDATA SIZE       =   ----    ----
   BIT SIZE         =   ----    ----
END OF MODULE INFORMATION.


C51 COMPILATION COMPLETE.  0 WARNING(S),  0 ERROR(S)
