C51 COMPILER V9.56.0.0   SHUMA                                                             07/24/2019 21:43:35 PAGE 1   


C51 COMPILER V9.56.0.0, COMPILATION OF MODULE SHUMA
OBJECT MODULE PLACED IN .\Objects\shuma.obj
COMPILER INVOKED BY: D:\software\Keil_v5\C51\BIN\C51.EXE shuma.c OPTIMIZE(8,SPEED) BROWSE DEBUG OBJECTEXTEND PRINT(.\Lis
                    -tings\shuma.lst) TABS(2) OBJECT(.\Objects\shuma.obj)

line level    source

   1          #include<reg51.h>
   2          #include<intrins.h>
   3          #define uchar unsigned char
   4          #define uint unsigned int
   5          uchar a,flag;
   6          uchar code DSY_CODE[]={
   7          0xc0,0xf9,0xa4,0xb0,
   8          
   9          0x99,0x92,0x82,0xf8,
  10          
  11          0x80,0x90,0x88,0x83,
  12          
  13          0xc6,0xa1,0x86,0x8e};
  14          void DelayMS(uint x)
  15          {
  16   1        uchar t;
  17   1        while(x--) for(t=0;t<110;t++);
  18   1      }
  19          void main()
  20          {
  21   1        TMOD=0x20;
  22   1        TH1=0xFA;
  23   1        TL1=0xFA;
  24   1        TR1=1;
  25   1        SCON=0x50;
  26   1        EA=1;
  27   1        ES=1;
  28   1        PCON=0x80;
  29   1        P0=0x00;
  30   1        while(1)
  31   1        {
  32   2          
  33   2          if(flag==1)
  34   2          {
  35   3            ES=0;
  36   3            flag=0;
  37   3            DelayMS(7000);
  38   3            SBUF=a;
  39   3            P0=~DSY_CODE[a];
  40   3            while(!TI);
  41   3            TI=0;
  42   3            ES=1;
  43   3          }
  44   2      }
  45   1      }
  46          
  47          void serial() interrupt 4
  48          {
  49   1        
  50   1        a=SBUF;
  51   1        flag=1;
  52   1        RI=0;
  53   1      }

C51 COMPILER V9.56.0.0   SHUMA                                                             07/24/2019 21:43:35 PAGE 2   


MODULE INFORMATION:   STATIC OVERLAYABLE
   CODE SIZE        =     93    ----
   CONSTANT SIZE    =     16    ----
   XDATA SIZE       =   ----    ----
   PDATA SIZE       =   ----    ----
   DATA SIZE        =      2    ----
   IDATA SIZE       =   ----    ----
   BIT SIZE         =   ----    ----
END OF MODULE INFORMATION.


C51 COMPILATION COMPLETE.  0 WARNING(S),  0 ERROR(S)
