C51 COMPILER V9.56.0.0   MAIN                                                              07/19/2019 09:52:51 PAGE 1   


C51 COMPILER V9.56.0.0, COMPILATION OF MODULE MAIN
OBJECT MODULE PLACED IN main.OBJ
COMPILER INVOKED BY: D:\software\Keil_v5\C51\BIN\C51.EXE main.c OPTIMIZE(8,SPEED) DEBUG OBJECTEXTEND TABS(2)

line level    source

   1          #include <reg51.h>
   2          #include <intrins.h>
   3          sfr AUXR        =   0x8E;
   4          sbit LED=P3^7;
   5          sbit Btn=P3^6;
   6          sbit LED1=P3^5;
   7          sbit Btn1=P3^4;
   8          unsigned long ms=0;
   9          unsigned long pre_ms=0;
  10          void Timer0Init(void);
  11          char Flag_Btn=0;
  12          void main()
  13          {
  14   1        char Flag_BTN=0;
  15   1        char f1,f2;
  16   1        Timer0Init();
  17   1        ET0=1; //enable timer 0 interrupt
  18   1        EA=1; //enable all interrupt
  19   1        while(1)
  20   1        {
  21   2          if(ms-pre_ms>=100)
  22   2          {
  23   3            pre_ms=ms;
  24   3            f2=f1;
  25   3            f1=Btn;
  26   3              if((f1==0)&&(f2==1))
  27   3              {
  28   4                
  29   4                if(Flag_Btn==0)
  30   4                {
  31   5                  LED=!LED;
  32   5                  LED1=!LED;
  33   5                  Flag_Btn=1;
  34   5                }
  35   4              }
  36   3              else 
  37   3                Flag_Btn=0;
  38   3          }
  39   2          else if(Btn1==0)
  40   2                {
  41   3                  LED=1;
  42   3                  LED1=1;
  43   3                }
  44   2        }
  45   1      }
  46          
  47          
  48          void Timer0Init(void)   //11.0592MHz
  49          {
  50   1        AUXR |= 0x80;   
  51   1        TMOD &= 0xF0;   
  52   1        TMOD |= 0x01;   
  53   1        TL0 = 0xCD;     
  54   1        TH0 = 0xD4;     
  55   1        TF0 = 0;    
C51 COMPILER V9.56.0.0   MAIN                                                              07/19/2019 09:52:51 PAGE 2   

  56   1        TR0 = 1;        
  57   1      }
  58          
  59           void t0() interrupt 1 using 0
  60           {
  61   1        TL0 = 0xCD;   
  62   1        TH0 = 0xD4;   
  63   1        ms++;
  64   1        
  65   1       }
  66           


MODULE INFORMATION:   STATIC OVERLAYABLE
   CODE SIZE        =    154    ----
   CONSTANT SIZE    =   ----    ----
   XDATA SIZE       =   ----    ----
   PDATA SIZE       =   ----    ----
   DATA SIZE        =      9       2
   IDATA SIZE       =   ----    ----
   BIT SIZE         =   ----    ----
END OF MODULE INFORMATION.


C51 COMPILATION COMPLETE.  0 WARNING(S),  0 ERROR(S)
