C51 COMPILER V9.56.0.0   TRANS                                                             07/17/2019 16:45:27 PAGE 1   


C51 COMPILER V9.56.0.0, COMPILATION OF MODULE TRANS
OBJECT MODULE PLACED IN .\Objects\trans.obj
COMPILER INVOKED BY: D:\software\Keil_v5\C51\BIN\C51.EXE trans.c OPTIMIZE(8,SPEED) BROWSE DEBUG OBJECTEXTEND PRINT(.\Lis
                    -tings\trans.lst) TABS(2) OBJECT(.\Objects\trans.obj)

line level    source

   1          #include<reg52.h>
   2          #define uchar unsigned char
   3          uchar a,flag;
   4          void main()
   5          {
   6   1        TMOD=0x20;
   7   1        TH1=0xFA;
   8   1        TL1=0xFA;
   9   1        TR1=1;
  10   1        SCON=0x10;
  11   1        EA=1;
  12   1        ES=1;
  13   1        PCON=0x80;
  14   1        while(1)
  15   1        {
  16   2          if(flag==1)
  17   2          {
  18   3            ES=0;
  19   3            flag=0;
  20   3            a+=1;
  21   3            SBUF=a;
  22   3            while(!TI);
  23   3            TI=0;
  24   3            ES=1;
  25   3          }
  26   2        }
  27   1      }
  28          
  29          void serial() interrupt 4
  30          {
  31   1        
  32   1        a=SBUF;
  33   1        flag=1;
  34   1        RI=0;
  35   1      }


MODULE INFORMATION:   STATIC OVERLAYABLE
   CODE SIZE        =     54    ----
   CONSTANT SIZE    =   ----    ----
   XDATA SIZE       =   ----    ----
   PDATA SIZE       =   ----    ----
   DATA SIZE        =      2    ----
   IDATA SIZE       =   ----    ----
   BIT SIZE         =   ----    ----
END OF MODULE INFORMATION.


C51 COMPILATION COMPLETE.  0 WARNING(S),  0 ERROR(S)
