C51 COMPILER V9.56.0.0   TRAFFIC_LIGHT                                                     07/22/2019 09:16:04 PAGE 1   


C51 COMPILER V9.56.0.0, COMPILATION OF MODULE TRAFFIC_LIGHT
OBJECT MODULE PLACED IN .\Objects\traffic light.obj
COMPILER INVOKED BY: D:\software\Keil_v5\C51\BIN\C51.EXE traffic light.c OPTIMIZE(8,SPEED) BROWSE DEBUG OBJECTEXTEND PRI
                    -NT(.\Listings\traffic light.lst) TABS(2) OBJECT(.\Objects\traffic light.obj)

line level    source

   1          #include<reg51.h>
   2          #define uchar unsigned char
   3          #define uint unsigned int
   4          sbit RED_A=P1^0;  //东西向灯
   5          sbit YELLOW_A=P1^1;
   6          sbit GREEN_A=P1^2;
   7          sbit RED_B=P1^3;    //南北向灯 
   8          sbit YELLOW_B=P1^4;
   9          sbit GREEN_B=P1^5;
  10          uchar Flash_Count=0,Operation_Type=1;  //闪烁次数，操作类型变量
  11          //延时
  12          void DelayMS(uint x)
  13          {
  14   1        uchar i;
  15   1        while(x--) for(i=0;i<120;i++);
  16   1      }
  17           //交通灯切换
  18          void Traffic_Light()
  19          {
  20   1        switch(Operation_Type)
  21   1        {
  22   2          case 1:  //东西向路绿灯与南北向红灯亮
  23   2              RED_A=1;YELLOW_A=0;GREEN_A=0;
  24   2              RED_B=0;YELLOW_B=0;GREEN_B=1;
  25   2              DelayMS(10000);
  26   2              Operation_Type=2;
  27   2              break;
  28   2          case 2:   //东西向黄灯闪烁，绿灯关闭
  29   2              DelayMS(5000);
  30   2              YELLOW_A=~YELLOW_A;RED_A=0;
  31   2              if(++Flash_Count!=10) return; 
  32   2              GREEN_A=1;
  33   2              Flash_Count=0;
  34   2              Operation_Type=3;
  35   2              break;
  36   2          case 3:   //东西向红灯，南北向绿灯亮
  37   2              RED_A=0;YELLOW_A=0;GREEN_A=1;
  38   2              RED_B=1;YELLOW_B=0;GREEN_B=0;
  39   2              DelayMS(10000);
  40   2              Operation_Type=4;
  41   2              break;
  42   2          case 4:   //南北向黄灯闪烁5次
  43   2              DelayMS(5000);
  44   2              YELLOW_B=~YELLOW_B;RED_B=0;
  45   2              if(++Flash_Count!=10) return;
  46   2              GREEN_B=1;  
  47   2              Flash_Count=0;
  48   2              Operation_Type=1;
  49   2        }
  50   1      }
  51          //主程序
  52          void main()
  53          {
  54   1        while(1) Traffic_Light();
C51 COMPILER V9.56.0.0   TRAFFIC_LIGHT                                                     07/22/2019 09:16:04 PAGE 2   

  55   1      }


MODULE INFORMATION:   STATIC OVERLAYABLE
   CODE SIZE        =    144    ----
   CONSTANT SIZE    =   ----    ----
   XDATA SIZE       =   ----    ----
   PDATA SIZE       =   ----    ----
   DATA SIZE        =      2    ----
   IDATA SIZE       =   ----    ----
   BIT SIZE         =   ----    ----
END OF MODULE INFORMATION.


C51 COMPILATION COMPLETE.  0 WARNING(S),  0 ERROR(S)
