C51 COMPILER V9.56.0.0   LED                                                               07/11/2019 11:21:32 PAGE 1   


C51 COMPILER V9.56.0.0, COMPILATION OF MODULE LED
OBJECT MODULE PLACED IN .\Objects\LED.obj
COMPILER INVOKED BY: D:\software\Keil_v5\C51\BIN\C51.EXE LED.c OPTIMIZE(8,SPEED) BROWSE DEBUG OBJECTEXTEND PRINT(.\Listi
                    -ngs\LED.lst) TABS(2) OBJECT(.\Objects\LED.obj)

line level    source

   1          #include <reg51.h>
   2          sbit LED=P3^7;
   3          sbit Btn=P3^6;
   4          //void delay(uint z);
   5          void main()
   6          {
   7   1        while(1)
   8   1        {
   9   2            //delay(1000);
  10   2            if(Btn==0)
  11   2            LED=!LED;
  12   2        }
  13   1      }
  14          
  15          
  16          /*void delay(uint z)
  17          {
  18            uint x,y;
  19              for(x=z;x>0;x--)
  20                for(y=110;y>0;y--);
  21          }
  22            */


MODULE INFORMATION:   STATIC OVERLAYABLE
   CODE SIZE        =      7    ----
   CONSTANT SIZE    =   ----    ----
   XDATA SIZE       =   ----    ----
   PDATA SIZE       =   ----    ----
   DATA SIZE        =   ----    ----
   IDATA SIZE       =   ----    ----
   BIT SIZE         =   ----    ----
END OF MODULE INFORMATION.


C51 COMPILATION COMPLETE.  0 WARNING(S),  0 ERROR(S)
